<?xml version="1.0" encoding="UTF-8"?>
<testsuite name="Academy Choucair" tests="1" skipped="0" failures="0" errors="0" timestamp="2021-10-27T23:43:36" hostname="iMac-de-Alejandro.local" time="24.474">
  <properties/>
  <testcase name="Search for a automation course" classname="Academy Choucair" time="24.474"/>
  <system-out><![CDATA[]]></system-out>
  <system-err><![CDATA[[Test worker] WARN net.thucydides.core.steps.BaseStepListener - stepStarted: net.thucydides.core.steps.ExecutedStepDescription@817d87
[Test worker] WARN net.thucydides.core.steps.BaseStepListener - stepStarted: net.thucydides.core.steps.ExecutedStepDescription@7cc880b3
[Test worker] WARN net.thucydides.core.steps.BaseStepListener - stepStarted: net.thucydides.core.steps.ExecutedStepDescription@45c536e
oct. 27, 2021 6:43:36 P.M. org.openqa.selenium.remote.DesiredCapabilities chrome
INFO: Using `new ChromeOptions()` is preferred to `DesiredCapabilities.chrome()`
[Test worker] INFO net.serenitybdd.core.webdriver.driverproviders.ProvideNewDriver - Instantiating driver
[Test worker] INFO net.serenitybdd.core.webdriver.driverproviders.ProvideNewDriver - Driver capabilities: Capabilities {acceptInsecureCerts: false, browserName: chrome, chrome.switches: --start-maximized, goog:chromeOptions: {args: [--start-maximized], extensions: []}, loggingPrefs: org.openqa.selenium.logging..., platform: ANY, version: }
Starting ChromeDriver 94.0.4606.61 (418b78f5838ed0b1c69bb4e51ea0252171854915-refs/branch-heads/4606@{#1204}) on port 18667
Only local connections are allowed.
Please see https://chromedriver.chromium.org/security-considerations for suggestions on keeping ChromeDriver safe.
ChromeDriver was started successfully.
[1635378218.970][WARNING]: This version of ChromeDriver has not been tested with Chrome version 95.
oct. 27, 2021 6:43:39 P.M. org.openqa.selenium.remote.ProtocolHandshake createSession
INFO: Detected dialect: W3C
[Test worker] WARN net.thucydides.core.steps.BaseStepListener - stepFinished: current outcome:Search for a automation course:Given than brandon wants to learn automation at the academy Choucair
| strUser | strPassword |
| 16078823 | Choucair2021* | [Brandon open up [Brandon opens the Choucair academy page]]
[Test worker] WARN net.thucydides.core.steps.BaseStepListener - stepFinished: current outcome:Search for a automation course:Given than brandon wants to learn automation at the academy Choucair
| strUser | strPassword |
| 16078823 | Choucair2021* | [Brandon open up [Brandon opens the Choucair academy page]]
[Test worker] WARN net.thucydides.core.steps.BaseStepListener - stepStarted: net.thucydides.core.steps.ExecutedStepDescription@2d9140e8
[Test worker] WARN net.thucydides.core.steps.BaseStepListener - stepStarted: net.thucydides.core.steps.ExecutedStepDescription@692a1018
[Test worker] WARN net.thucydides.core.steps.BaseStepListener - stepFinished: current outcome:Search for a automation course:Given than brandon wants to learn automation at the academy Choucair
| strUser | strPassword |
| 16078823 | Choucair2021* | [Brandon open up [Brandon opens the Choucair academy page], Brandon login [Brandon clicks on button that shows us the form to login]]
[Test worker] WARN net.thucydides.core.steps.BaseStepListener - stepStarted: net.thucydides.core.steps.ExecutedStepDescription@4f60756a
[Test worker] WARN net.thucydides.core.steps.BaseStepListener - stepFinished: current outcome:Search for a automation course:Given than brandon wants to learn automation at the academy Choucair
| strUser | strPassword |
| 16078823 | Choucair2021* | [Brandon open up [Brandon opens the Choucair academy page], Brandon login [Brandon clicks on button that shows us the form to login, Brandon enters '16078823' into where do we write the user]]
[Test worker] WARN net.thucydides.core.steps.BaseStepListener - stepStarted: net.thucydides.core.steps.ExecutedStepDescription@6ff946ae
[Test worker] WARN net.thucydides.core.steps.BaseStepListener - stepFinished: current outcome:Search for a automation course:Given than brandon wants to learn automation at the academy Choucair
| strUser | strPassword |
| 16078823 | Choucair2021* | [Brandon open up [Brandon opens the Choucair academy page], Brandon login [Brandon clicks on button that shows us the form to login, Brandon enters '16078823' into where do we write the user, Brandon enters 'Choucair2021*' into where do we write the password]]
[Test worker] WARN net.thucydides.core.steps.BaseStepListener - stepStarted: net.thucydides.core.steps.ExecutedStepDescription@6f863e66
[Test worker] WARN net.thucydides.core.steps.BaseStepListener - stepFinished: current outcome:Search for a automation course:Given than brandon wants to learn automation at the academy Choucair
| strUser | strPassword |
| 16078823 | Choucair2021* | [Brandon open up [Brandon opens the Choucair academy page], Brandon login [Brandon clicks on button that shows us the form to login, Brandon enters '16078823' into where do we write the user, Brandon enters 'Choucair2021*' into where do we write the password, Brandon clicks on button to confirm login]]
[Test worker] WARN net.thucydides.core.steps.BaseStepListener - stepFinished: current outcome:Search for a automation course:Given than brandon wants to learn automation at the academy Choucair
| strUser | strPassword |
| 16078823 | Choucair2021* | [Brandon open up [Brandon opens the Choucair academy page], Brandon login [Brandon clicks on button that shows us the form to login, Brandon enters '16078823' into where do we write the user, Brandon enters 'Choucair2021*' into where do we write the password, Brandon clicks on button to confirm login]]
[Test worker] WARN net.thucydides.core.steps.BaseStepListener - stepFinished: current outcome:Search for a automation course:Given than brandon wants to learn automation at the academy Choucair
| strUser | strPassword |
| 16078823 | Choucair2021* | [Brandon open up [Brandon opens the Choucair academy page], Brandon login [Brandon clicks on button that shows us the form to login, Brandon enters '16078823' into where do we write the user, Brandon enters 'Choucair2021*' into where do we write the password, Brandon clicks on button to confirm login]]
[Test worker] WARN net.thucydides.core.steps.BaseStepListener - stepStarted: net.thucydides.core.steps.ExecutedStepDescription@460b1ead
[Test worker] WARN net.thucydides.core.steps.BaseStepListener - stepStarted: net.thucydides.core.steps.ExecutedStepDescription@528d0cd9
[Test worker] WARN net.thucydides.core.steps.BaseStepListener - stepStarted: net.thucydides.core.steps.ExecutedStepDescription@54126dc6
[Test worker] WARN net.thucydides.core.steps.BaseStepListener - stepFinished: current outcome:Search for a automation course:Given than brandon wants to learn automation at the academy Choucair
| strUser | strPassword |
| 16078823 | Choucair2021* | [Brandon open up [Brandon opens the Choucair academy page], Brandon login [Brandon clicks on button that shows us the form to login, Brandon enters '16078823' into where do we write the user, Brandon enters 'Choucair2021*' into where do we write the password, Brandon clicks on button to confirm login]], When he search for the course Guías Técnicas on the choucair academy platform [Brandon search [Brandon clicks on button to show input search]]
[Test worker] WARN net.thucydides.core.steps.BaseStepListener - stepStarted: net.thucydides.core.steps.ExecutedStepDescription@41849e44
[Test worker] WARN net.thucydides.core.steps.BaseStepListener - stepFinished: current outcome:Search for a automation course:Given than brandon wants to learn automation at the academy Choucair
| strUser | strPassword |
| 16078823 | Choucair2021* | [Brandon open up [Brandon opens the Choucair academy page], Brandon login [Brandon clicks on button that shows us the form to login, Brandon enters '16078823' into where do we write the user, Brandon enters 'Choucair2021*' into where do we write the password, Brandon clicks on button to confirm login]], When he search for the course Guías Técnicas on the choucair academy platform [Brandon search [Brandon clicks on button to show input search, Brandon enters 'Guías Técnicas' then hits [RETURN] into where do we write the keyword to search]]
[Test worker] WARN net.thucydides.core.steps.BaseStepListener - stepStarted: net.thucydides.core.steps.ExecutedStepDescription@3adb29aa
[Test worker] WARN net.thucydides.core.steps.BaseStepListener - stepFinished: current outcome:Search for a automation course:Given than brandon wants to learn automation at the academy Choucair
| strUser | strPassword |
| 16078823 | Choucair2021* | [Brandon open up [Brandon opens the Choucair academy page], Brandon login [Brandon clicks on button that shows us the form to login, Brandon enters '16078823' into where do we write the user, Brandon enters 'Choucair2021*' into where do we write the password, Brandon clicks on button to confirm login]], When he search for the course Guías Técnicas on the choucair academy platform [Brandon search [Brandon clicks on button to show input search, Brandon enters 'Guías Técnicas' then hits [RETURN] into where do we write the keyword to search, Brandon clicks on Click Course to into]]
[Test worker] WARN net.thucydides.core.steps.BaseStepListener - stepFinished: current outcome:Search for a automation course:Given than brandon wants to learn automation at the academy Choucair
| strUser | strPassword |
| 16078823 | Choucair2021* | [Brandon open up [Brandon opens the Choucair academy page], Brandon login [Brandon clicks on button that shows us the form to login, Brandon enters '16078823' into where do we write the user, Brandon enters 'Choucair2021*' into where do we write the password, Brandon clicks on button to confirm login]], When he search for the course Guías Técnicas on the choucair academy platform [Brandon search [Brandon clicks on button to show input search, Brandon enters 'Guías Técnicas' then hits [RETURN] into where do we write the keyword to search, Brandon clicks on Click Course to into]]
[Test worker] WARN net.thucydides.core.steps.BaseStepListener - stepFinished: current outcome:Search for a automation course:Given than brandon wants to learn automation at the academy Choucair
| strUser | strPassword |
| 16078823 | Choucair2021* | [Brandon open up [Brandon opens the Choucair academy page], Brandon login [Brandon clicks on button that shows us the form to login, Brandon enters '16078823' into where do we write the user, Brandon enters 'Choucair2021*' into where do we write the password, Brandon clicks on button to confirm login]], When he search for the course Guías Técnicas on the choucair academy platform [Brandon search [Brandon clicks on button to show input search, Brandon enters 'Guías Técnicas' then hits [RETURN] into where do we write the keyword to search, Brandon clicks on Click Course to into]]
[Test worker] WARN net.thucydides.core.steps.BaseStepListener - stepStarted: net.thucydides.core.steps.ExecutedStepDescription@24ef8bc2
[Test worker] WARN net.thucydides.core.steps.BaseStepListener - stepStarted: net.thucydides.core.steps.ExecutedStepDescription@51461d77
[Test worker] WARN net.thucydides.core.steps.BaseStepListener - stepFinished: current outcome:Search for a automation course:Given than brandon wants to learn automation at the academy Choucair
| strUser | strPassword |
| 16078823 | Choucair2021* | [Brandon open up [Brandon opens the Choucair academy page], Brandon login [Brandon clicks on button that shows us the form to login, Brandon enters '16078823' into where do we write the user, Brandon enters 'Choucair2021*' into where do we write the password, Brandon clicks on button to confirm login]], When he search for the course Guías Técnicas on the choucair academy platform [Brandon search [Brandon clicks on button to show input search, Brandon enters 'Guías Técnicas' then hits [RETURN] into where do we write the keyword to search, Brandon clicks on Click Course to into]], Then he finds the course called resources Guías Técnicas - Analista Financial [Then answer]
[Test worker] WARN net.thucydides.core.steps.BaseStepListener - stepFinished: current outcome:Search for a automation course:Given than brandon wants to learn automation at the academy Choucair
| strUser | strPassword |
| 16078823 | Choucair2021* | [Brandon open up [Brandon opens the Choucair academy page], Brandon login [Brandon clicks on button that shows us the form to login, Brandon enters '16078823' into where do we write the user, Brandon enters 'Choucair2021*' into where do we write the password, Brandon clicks on button to confirm login]], When he search for the course Guías Técnicas on the choucair academy platform [Brandon search [Brandon clicks on button to show input search, Brandon enters 'Guías Técnicas' then hits [RETURN] into where do we write the keyword to search, Brandon clicks on Click Course to into]], Then he finds the course called resources Guías Técnicas - Analista Financial [Then answer]
[Test worker] WARN net.thucydides.core.steps.BaseStepListener - testFinished: Search for a automation course:Given than brandon wants to learn automation at the academy Choucair
| strUser | strPassword |
| 16078823 | Choucair2021* | [Brandon open up [Brandon opens the Choucair academy page], Brandon login [Brandon clicks on button that shows us the form to login, Brandon enters '16078823' into where do we write the user, Brandon enters 'Choucair2021*' into where do we write the password, Brandon clicks on button to confirm login]], When he search for the course Guías Técnicas on the choucair academy platform [Brandon search [Brandon clicks on button to show input search, Brandon enters 'Guías Técnicas' then hits [RETURN] into where do we write the keyword to search, Brandon clicks on Click Course to into]], Then he finds the course called resources Guías Técnicas - Analista Financial [Then answer]
[Test worker] WARN net.thucydides.core.steps.BaseStepListener - TestOutcomes: [Search for a automation course:Given than brandon wants to learn automation at the academy Choucair
| strUser | strPassword |
| 16078823 | Choucair2021* | [Brandon open up [Brandon opens the Choucair academy page], Brandon login [Brandon clicks on button that shows us the form to login, Brandon enters '16078823' into where do we write the user, Brandon enters 'Choucair2021*' into where do we write the password, Brandon clicks on button to confirm login]], When he search for the course Guías Técnicas on the choucair academy platform [Brandon search [Brandon clicks on button to show input search, Brandon enters 'Guías Técnicas' then hits [RETURN] into where do we write the keyword to search, Brandon clicks on Click Course to into]], Then he finds the course called resources Guías Técnicas - Analista Financial [Then answer]]
[Test worker] WARN net.thucydides.core.steps.BaseStepListener - Final testOutcomes: [Search for a automation course:Given than brandon wants to learn automation at the academy Choucair
| strUser | strPassword |
| 16078823 | Choucair2021* | [Brandon open up [Brandon opens the Choucair academy page], Brandon login [Brandon clicks on button that shows us the form to login, Brandon enters '16078823' into where do we write the user, Brandon enters 'Choucair2021*' into where do we write the password, Brandon clicks on button to confirm login]], When he search for the course Guías Técnicas on the choucair academy platform [Brandon search [Brandon clicks on button to show input search, Brandon enters 'Guías Técnicas' then hits [RETURN] into where do we write the keyword to search, Brandon clicks on Click Course to into]], Then he finds the course called resources Guías Técnicas - Analista Financial [Then answer]]
[Test worker] INFO net.thucydides.core.steps.ConsoleLoggingListener - 
        __    _____ _____ ____ _____   ____   _    ____  ____  _____ ____  
  _     \ \  |_   _| ____/ ___|_   _| |  _ \ / \  / ___|/ ___|| ____|  _ \ 
 (_)_____| |   | | |  _| \___ \ | |   | |_) / _ \ \___ \\___ \|  _| | | | |
  _|_____| |   | | | |___ ___) || |   |  __/ ___ \ ___) |___) | |___| |_| |
 (_)     | |   |_| |_____|____/ |_|   |_| /_/   \_\____/|____/|_____|____/ 
        /_/                                                                

TEST PASSED: Search for a automation course
----------------------------------------------------------------------------
]]></system-err>
</testsuite>
